[04-Oct-2020 21:52:23 America/Araguaina] PHP Notice:  Undefined variable: century in /usr/share/nginx/html/prova/Questao1.php on line 35
[04-Oct-2020 21:52:23 America/Araguaina] PHP Stack trace:
[04-Oct-2020 21:52:23 America/Araguaina] PHP   1. {main}() /usr/share/nginx/html/prova/Questao1.php:0
[04-Oct-2020 21:55:58 America/Araguaina] PHP Parse error:  syntax error, unexpected 'centuryFromYear' (T_STRING), expecting '(' in /usr/share/nginx/html/prova/Questao1.php on line 25
[04-Oct-2020 21:56:19 America/Araguaina] PHP Parse error:  syntax error, unexpected 'centuryFromYear' (T_STRING), expecting '(' in /usr/share/nginx/html/prova/Questao1.php on line 25
[04-Oct-2020 21:56:19 America/Araguaina] PHP Parse error:  syntax error, unexpected 'centuryFromYear' (T_STRING), expecting '(' in /usr/share/nginx/html/prova/Questao1.php on line 25
[04-Oct-2020 21:57:22 America/Araguaina] PHP Parse error:  syntax error, unexpected 'centuryFromYear' (T_STRING), expecting '(' in /usr/share/nginx/html/prova/Questao1.php on line 25
[04-Oct-2020 21:58:25 America/Araguaina] PHP Parse error:  syntax error, unexpected 'centuryFromYear' (T_STRING), expecting '(' in /usr/share/nginx/html/prova/Questao1.php on line 25
[04-Oct-2020 22:02:43 America/Araguaina] PHP Parse error:  syntax error, unexpected 'centuryFromYear' (T_STRING), expecting '(' in /usr/share/nginx/html/prova/Questao1.php on line 25
[04-Oct-2020 22:02:44 America/Araguaina] PHP Parse error:  syntax error, unexpected 'centuryFromYear' (T_STRING), expecting '(' in /usr/share/nginx/html/prova/Questao1.php on line 25
[04-Oct-2020 22:04:07 America/Araguaina] PHP Parse error:  syntax error, unexpected 'centuryFromYear' (T_STRING), expecting '(' in /usr/share/nginx/html/prova/Questao1.php on line 22
[04-Oct-2020 22:06:04 America/Araguaina] PHP Parse error:  syntax error, unexpected 'centuryFromYear' (T_STRING), expecting '(' in /usr/share/nginx/html/prova/Questao1.php on line 22
[04-Oct-2020 22:06:56 America/Araguaina] PHP Notice:  Undefined variable: century in /usr/share/nginx/html/prova/Questao1.php on line 35
[04-Oct-2020 22:06:56 America/Araguaina] PHP Stack trace:
[04-Oct-2020 22:06:56 America/Araguaina] PHP   1. {main}() /usr/share/nginx/html/prova/Questao1.php:0
[04-Oct-2020 22:22:42 America/Araguaina] PHP Notice:  Undefined variable: year in /usr/share/nginx/html/prova/Questao1.php on line 28
[04-Oct-2020 22:22:42 America/Araguaina] PHP Stack trace:
[04-Oct-2020 22:22:42 America/Araguaina] PHP   1. {main}() /usr/share/nginx/html/prova/Questao1.php:0
[04-Oct-2020 22:22:42 America/Araguaina] PHP Notice:  Undefined variable: year in /usr/share/nginx/html/prova/Questao1.php on line 31
[04-Oct-2020 22:22:42 America/Araguaina] PHP Stack trace:
[04-Oct-2020 22:22:42 America/Araguaina] PHP   1. {main}() /usr/share/nginx/html/prova/Questao1.php:0
[04-Oct-2020 22:23:54 America/Araguaina] PHP Notice:  Undefined variable: year in /usr/share/nginx/html/prova/Questao1.php on line 28
[04-Oct-2020 22:23:54 America/Araguaina] PHP Stack trace:
[04-Oct-2020 22:23:54 America/Araguaina] PHP   1. {main}() /usr/share/nginx/html/prova/Questao1.php:0
[04-Oct-2020 22:23:54 America/Araguaina] PHP Notice:  Undefined variable: year in /usr/share/nginx/html/prova/Questao1.php on line 31
[04-Oct-2020 22:23:54 America/Araguaina] PHP Stack trace:
[04-Oct-2020 22:23:54 America/Araguaina] PHP   1. {main}() /usr/share/nginx/html/prova/Questao1.php:0
[04-Oct-2020 22:23:54 America/Araguaina] PHP Notice:  Undefined variable: year in /usr/share/nginx/html/prova/Questao1.php on line 28
[04-Oct-2020 22:23:54 America/Araguaina] PHP Stack trace:
[04-Oct-2020 22:23:54 America/Araguaina] PHP   1. {main}() /usr/share/nginx/html/prova/Questao1.php:0
[04-Oct-2020 22:23:54 America/Araguaina] PHP Notice:  Undefined variable: year in /usr/share/nginx/html/prova/Questao1.php on line 28
[04-Oct-2020 22:23:54 America/Araguaina] PHP Notice:  Undefined variable: year in /usr/share/nginx/html/prova/Questao1.php on line 31
[04-Oct-2020 22:23:54 America/Araguaina] PHP Stack trace:
[04-Oct-2020 22:23:54 America/Araguaina] PHP Stack trace:
[04-Oct-2020 22:23:54 America/Araguaina] PHP   1. {main}() /usr/share/nginx/html/prova/Questao1.php:0
[04-Oct-2020 22:23:54 America/Araguaina] PHP   1. {main}() /usr/share/nginx/html/prova/Questao1.php:0
[04-Oct-2020 22:23:54 America/Araguaina] PHP Notice:  Undefined variable: year in /usr/share/nginx/html/prova/Questao1.php on line 31
[04-Oct-2020 22:23:55 America/Araguaina] PHP Stack trace:
[04-Oct-2020 22:23:55 America/Araguaina] PHP   1. {main}() /usr/share/nginx/html/prova/Questao1.php:0
[04-Oct-2020 22:23:55 America/Araguaina] PHP Notice:  Undefined variable: year in /usr/share/nginx/html/prova/Questao1.php on line 28
[04-Oct-2020 22:23:55 America/Araguaina] PHP Stack trace:
[04-Oct-2020 22:23:55 America/Araguaina] PHP   1. {main}() /usr/share/nginx/html/prova/Questao1.php:0
[04-Oct-2020 22:23:55 America/Araguaina] PHP Notice:  Undefined variable: year in /usr/share/nginx/html/prova/Questao1.php on line 31
[04-Oct-2020 22:23:55 America/Araguaina] PHP Stack trace:
[04-Oct-2020 22:23:55 America/Araguaina] PHP   1. {main}() /usr/share/nginx/html/prova/Questao1.php:0
[04-Oct-2020 22:27:54 America/Araguaina] PHP Notice:  Undefined variable: century in /usr/share/nginx/html/prova/Questao1.php on line 35
[04-Oct-2020 22:27:54 America/Araguaina] PHP Stack trace:
[04-Oct-2020 22:27:54 America/Araguaina] PHP   1. {main}() /usr/share/nginx/html/prova/Questao1.php:0
[04-Oct-2020 22:27:54 America/Araguaina] PHP Notice:  Undefined variable: century in /usr/share/nginx/html/prova/Questao1.php on line 35
[04-Oct-2020 22:27:54 America/Araguaina] PHP Stack trace:
[04-Oct-2020 22:27:54 America/Araguaina] PHP   1. {main}() /usr/share/nginx/html/prova/Questao1.php:0
[04-Oct-2020 22:27:54 America/Araguaina] PHP Notice:  Undefined variable: century in /usr/share/nginx/html/prova/Questao1.php on line 35
[04-Oct-2020 22:27:55 America/Araguaina] PHP Stack trace:
[04-Oct-2020 22:27:55 America/Araguaina] PHP   1. {main}() /usr/share/nginx/html/prova/Questao1.php:0
[04-Oct-2020 22:27:55 America/Araguaina] PHP Notice:  Undefined variable: century in /usr/share/nginx/html/prova/Questao1.php on line 35
[04-Oct-2020 22:27:55 America/Araguaina] PHP Stack trace:
[04-Oct-2020 22:27:55 America/Araguaina] PHP   1. {main}() /usr/share/nginx/html/prova/Questao1.php:0
[04-Oct-2020 22:27:55 America/Araguaina] PHP Notice:  Undefined variable: century in /usr/share/nginx/html/prova/Questao1.php on line 35
[04-Oct-2020 22:27:55 America/Araguaina] PHP Stack trace:
[04-Oct-2020 22:27:55 America/Araguaina] PHP Notice:  Undefined variable: century in /usr/share/nginx/html/prova/Questao1.php on line 35
[04-Oct-2020 22:27:55 America/Araguaina] PHP   1. {main}() /usr/share/nginx/html/prova/Questao1.php:0
[04-Oct-2020 22:27:55 America/Araguaina] PHP Stack trace:
[04-Oct-2020 22:27:55 America/Araguaina] PHP   1. {main}() /usr/share/nginx/html/prova/Questao1.php:0
[04-Oct-2020 22:28:28 America/Araguaina] PHP Notice:  Undefined variable: century in /usr/share/nginx/html/prova/Questao1.php on line 33
[04-Oct-2020 22:28:28 America/Araguaina] PHP Stack trace:
[04-Oct-2020 22:28:28 America/Araguaina] PHP   1. {main}() /usr/share/nginx/html/prova/Questao1.php:0
[04-Oct-2020 22:28:28 America/Araguaina] PHP Fatal error:  Uncaught Error: Function name must be a string in /usr/share/nginx/html/prova/Questao1.php:33
Stack trace:
#0 {main}
  thrown in /usr/share/nginx/html/prova/Questao1.php on line 33
[04-Oct-2020 22:28:28 America/Araguaina] PHP Notice:  Undefined variable: century in /usr/share/nginx/html/prova/Questao1.php on line 33
[04-Oct-2020 22:28:28 America/Araguaina] PHP Stack trace:
[04-Oct-2020 22:28:28 America/Araguaina] PHP   1. {main}() /usr/share/nginx/html/prova/Questao1.php:0
[04-Oct-2020 22:28:28 America/Araguaina] PHP Fatal error:  Uncaught Error: Function name must be a string in /usr/share/nginx/html/prova/Questao1.php:33
Stack trace:
#0 {main}
  thrown in /usr/share/nginx/html/prova/Questao1.php on line 33
[04-Oct-2020 22:29:01 America/Araguaina] PHP Fatal error:  Uncaught Error: Function name must be a string in /usr/share/nginx/html/prova/Questao1.php:33
Stack trace:
#0 {main}
  thrown in /usr/share/nginx/html/prova/Questao1.php on line 33
[04-Oct-2020 22:30:56 America/Araguaina] PHP Notice:  Undefined variable: century in /usr/share/nginx/html/prova/Questao1.php on line 33
[04-Oct-2020 22:30:56 America/Araguaina] PHP Stack trace:
[04-Oct-2020 22:30:56 America/Araguaina] PHP   1. {main}() /usr/share/nginx/html/prova/Questao1.php:0
[04-Oct-2020 22:32:56 America/Araguaina] PHP Notice:  Undefined variable: century in /usr/share/nginx/html/prova/Questao1.php on line 33
[04-Oct-2020 22:32:56 America/Araguaina] PHP Stack trace:
[04-Oct-2020 22:32:56 America/Araguaina] PHP   1. {main}() /usr/share/nginx/html/prova/Questao1.php:0
[04-Oct-2020 22:35:16 America/Araguaina] PHP Notice:  Undefined variable: century in /usr/share/nginx/html/prova/Questao1.php on line 35
[04-Oct-2020 22:35:16 America/Araguaina] PHP Stack trace:
[04-Oct-2020 22:35:16 America/Araguaina] PHP   1. {main}() /usr/share/nginx/html/prova/Questao1.php:0
[04-Oct-2020 22:38:29 America/Araguaina] PHP Notice:  Undefined variable: year in /usr/share/nginx/html/prova/Questao1.php on line 28
[04-Oct-2020 22:38:29 America/Araguaina] PHP Notice:  Undefined variable: year in /usr/share/nginx/html/prova/Questao1.php on line 28
[04-Oct-2020 22:38:29 America/Araguaina] PHP Stack trace:
[04-Oct-2020 22:38:29 America/Araguaina] PHP Stack trace:
[04-Oct-2020 22:38:29 America/Araguaina] PHP   1. {main}() /usr/share/nginx/html/prova/Questao1.php:0
[04-Oct-2020 22:38:29 America/Araguaina] PHP   1. {main}() /usr/share/nginx/html/prova/Questao1.php:0
[04-Oct-2020 22:38:29 America/Araguaina] PHP Notice:  Undefined variable: year in /usr/share/nginx/html/prova/Questao1.php on line 31
[04-Oct-2020 22:38:29 America/Araguaina] PHP Notice:  Undefined variable: year in /usr/share/nginx/html/prova/Questao1.php on line 31
[04-Oct-2020 22:38:29 America/Araguaina] PHP Stack trace:
[04-Oct-2020 22:38:29 America/Araguaina] PHP Stack trace:
[04-Oct-2020 22:38:29 America/Araguaina] PHP   1. {main}() /usr/share/nginx/html/prova/Questao1.php:0
[04-Oct-2020 22:38:29 America/Araguaina] PHP   1. {main}() /usr/share/nginx/html/prova/Questao1.php:0
[04-Oct-2020 22:38:30 America/Araguaina] PHP Notice:  Undefined variable: year in /usr/share/nginx/html/prova/Questao1.php on line 28
[04-Oct-2020 22:38:30 America/Araguaina] PHP Stack trace:
[04-Oct-2020 22:38:30 America/Araguaina] PHP   1. {main}() /usr/share/nginx/html/prova/Questao1.php:0
[04-Oct-2020 22:38:30 America/Araguaina] PHP Notice:  Undefined variable: year in /usr/share/nginx/html/prova/Questao1.php on line 31
[04-Oct-2020 22:38:30 America/Araguaina] PHP Notice:  Undefined variable: year in /usr/share/nginx/html/prova/Questao1.php on line 28
[04-Oct-2020 22:38:30 America/Araguaina] PHP Stack trace:
[04-Oct-2020 22:38:30 America/Araguaina] PHP Stack trace:
[04-Oct-2020 22:38:30 America/Araguaina] PHP Notice:  Undefined variable: year in /usr/share/nginx/html/prova/Questao1.php on line 28
[04-Oct-2020 22:38:30 America/Araguaina] PHP   1. {main}() /usr/share/nginx/html/prova/Questao1.php:0
[04-Oct-2020 22:38:31 America/Araguaina] PHP   1. {main}() /usr/share/nginx/html/prova/Questao1.php:0
[04-Oct-2020 22:38:31 America/Araguaina] PHP Stack trace:
[04-Oct-2020 22:38:31 America/Araguaina] PHP Notice:  Undefined variable: year in /usr/share/nginx/html/prova/Questao1.php on line 28
[04-Oct-2020 22:38:31 America/Araguaina] PHP Notice:  Undefined variable: year in /usr/share/nginx/html/prova/Questao1.php on line 31
[04-Oct-2020 22:38:31 America/Araguaina] PHP   1. {main}() /usr/share/nginx/html/prova/Questao1.php:0
[04-Oct-2020 22:38:31 America/Araguaina] PHP Stack trace:
[04-Oct-2020 22:38:31 America/Araguaina] PHP Stack trace:
[04-Oct-2020 22:38:31 America/Araguaina] PHP Notice:  Undefined variable: year in /usr/share/nginx/html/prova/Questao1.php on line 31
[04-Oct-2020 22:38:31 America/Araguaina] PHP   1. {main}() /usr/share/nginx/html/prova/Questao1.php:0
[04-Oct-2020 22:38:31 America/Araguaina] PHP   1. {main}() /usr/share/nginx/html/prova/Questao1.php:0
[04-Oct-2020 22:38:31 America/Araguaina] PHP Stack trace:
[04-Oct-2020 22:38:31 America/Araguaina] PHP Notice:  Undefined variable: year in /usr/share/nginx/html/prova/Questao1.php on line 31
[04-Oct-2020 22:38:31 America/Araguaina] PHP Notice:  Undefined variable: year in /usr/share/nginx/html/prova/Questao1.php on line 28
[04-Oct-2020 22:38:32 America/Araguaina] PHP Notice:  Undefined variable: year in /usr/share/nginx/html/prova/Questao1.php on line 28
[04-Oct-2020 22:38:32 America/Araguaina] PHP   1. {main}() /usr/share/nginx/html/prova/Questao1.php:0
[04-Oct-2020 22:38:32 America/Araguaina] PHP Stack trace:
[04-Oct-2020 22:38:32 America/Araguaina] PHP Stack trace:
[04-Oct-2020 22:38:32 America/Araguaina] PHP Stack trace:
[04-Oct-2020 22:38:32 America/Araguaina] PHP Notice:  Undefined variable: year in /usr/share/nginx/html/prova/Questao1.php on line 28
[04-Oct-2020 22:38:32 America/Araguaina] PHP   1. {main}() /usr/share/nginx/html/prova/Questao1.php:0
[04-Oct-2020 22:38:32 America/Araguaina] PHP   1. {main}() /usr/share/nginx/html/prova/Questao1.php:0
[04-Oct-2020 22:38:32 America/Araguaina] PHP   1. {main}() /usr/share/nginx/html/prova/Questao1.php:0
[04-Oct-2020 22:38:32 America/Araguaina] PHP Notice:  Undefined variable: year in /usr/share/nginx/html/prova/Questao1.php on line 31
[04-Oct-2020 22:38:32 America/Araguaina] PHP Stack trace:
[04-Oct-2020 22:38:32 America/Araguaina] PHP Notice:  Undefined variable: year in /usr/share/nginx/html/prova/Questao1.php on line 28
[04-Oct-2020 22:38:32 America/Araguaina] PHP Notice:  Undefined variable: year in /usr/share/nginx/html/prova/Questao1.php on line 31
[04-Oct-2020 22:38:32 America/Araguaina] PHP Stack trace:
[04-Oct-2020 22:38:33 America/Araguaina] PHP Notice:  Undefined variable: year in /usr/share/nginx/html/prova/Questao1.php on line 28
[04-Oct-2020 22:38:33 America/Araguaina] PHP   1. {main}() /usr/share/nginx/html/prova/Questao1.php:0
[04-Oct-2020 22:38:33 America/Araguaina] PHP Stack trace:
[04-Oct-2020 22:38:34 America/Araguaina] PHP Stack trace:
[04-Oct-2020 22:38:34 America/Araguaina] PHP Stack trace:
[04-Oct-2020 22:38:34 America/Araguaina] PHP Notice:  Undefined variable: year in /usr/share/nginx/html/prova/Questao1.php on line 31
[04-Oct-2020 22:38:34 America/Araguaina] PHP   1. {main}() /usr/share/nginx/html/prova/Questao1.php:0
[04-Oct-2020 22:38:34 America/Araguaina] PHP   1. {main}() /usr/share/nginx/html/prova/Questao1.php:0
[04-Oct-2020 22:38:34 America/Araguaina] PHP   1. {main}() /usr/share/nginx/html/prova/Questao1.php:0
[04-Oct-2020 22:38:35 America/Araguaina] PHP   1. {main}() /usr/share/nginx/html/prova/Questao1.php:0
[04-Oct-2020 22:38:35 America/Araguaina] PHP Stack trace:
[04-Oct-2020 22:38:35 America/Araguaina] PHP Notice:  Undefined variable: year in /usr/share/nginx/html/prova/Questao1.php on line 28
[04-Oct-2020 22:38:36 America/Araguaina] PHP Notice:  Undefined variable: year in /usr/share/nginx/html/prova/Questao1.php on line 31
[04-Oct-2020 22:38:36 America/Araguaina] PHP Notice:  Undefined variable: year in /usr/share/nginx/html/prova/Questao1.php on line 28
[04-Oct-2020 22:38:36 America/Araguaina] PHP Notice:  Undefined variable: year in /usr/share/nginx/html/prova/Questao1.php on line 31
[04-Oct-2020 22:38:36 America/Araguaina] PHP   1. {main}() /usr/share/nginx/html/prova/Questao1.php:0
[04-Oct-2020 22:38:36 America/Araguaina] PHP Stack trace:
[04-Oct-2020 22:38:37 America/Araguaina] PHP Stack trace:
[04-Oct-2020 22:38:37 America/Araguaina] PHP Stack trace:
[04-Oct-2020 22:38:37 America/Araguaina] PHP Stack trace:
[04-Oct-2020 22:38:37 America/Araguaina] PHP Notice:  Undefined variable: year in /usr/share/nginx/html/prova/Questao1.php on line 28
[04-Oct-2020 22:38:37 America/Araguaina] PHP   1. {main}() /usr/share/nginx/html/prova/Questao1.php:0
[04-Oct-2020 22:38:37 America/Araguaina] PHP   1. {main}() /usr/share/nginx/html/prova/Questao1.php:0
[04-Oct-2020 22:38:37 America/Araguaina] PHP   1. {main}() /usr/share/nginx/html/prova/Questao1.php:0
[04-Oct-2020 22:38:37 America/Araguaina] PHP   1. {main}() /usr/share/nginx/html/prova/Questao1.php:0
[04-Oct-2020 22:38:37 America/Araguaina] PHP Stack trace:
[04-Oct-2020 22:38:37 America/Araguaina] PHP Notice:  Undefined variable: year in /usr/share/nginx/html/prova/Questao1.php on line 31
[04-Oct-2020 22:38:37 America/Araguaina] PHP Notice:  Undefined variable: year in /usr/share/nginx/html/prova/Questao1.php on line 28
[04-Oct-2020 22:38:37 America/Araguaina] PHP Notice:  Undefined variable: year in /usr/share/nginx/html/prova/Questao1.php on line 31
[04-Oct-2020 22:38:37 America/Araguaina] PHP   1. {main}() /usr/share/nginx/html/prova/Questao1.php:0
[04-Oct-2020 22:38:37 America/Araguaina] PHP Notice:  Undefined variable: year in /usr/share/nginx/html/prova/Questao1.php on line 28
[04-Oct-2020 22:38:37 America/Araguaina] PHP Stack trace:
[04-Oct-2020 22:38:37 America/Araguaina] PHP Stack trace:
[04-Oct-2020 22:38:37 America/Araguaina] PHP Stack trace:
[04-Oct-2020 22:38:37 America/Araguaina] PHP Notice:  Undefined variable: year in /usr/share/nginx/html/prova/Questao1.php on line 31
[04-Oct-2020 22:38:37 America/Araguaina] PHP Stack trace:
[04-Oct-2020 22:38:37 America/Araguaina] PHP   1. {main}() /usr/share/nginx/html/prova/Questao1.php:0
[04-Oct-2020 22:38:37 America/Araguaina] PHP   1. {main}() /usr/share/nginx/html/prova/Questao1.php:0
[04-Oct-2020 22:38:37 America/Araguaina] PHP   1. {main}() /usr/share/nginx/html/prova/Questao1.php:0
[04-Oct-2020 22:38:38 America/Araguaina] PHP Stack trace:
[04-Oct-2020 22:38:38 America/Araguaina] PHP   1. {main}() /usr/share/nginx/html/prova/Questao1.php:0
[04-Oct-2020 22:38:38 America/Araguaina] PHP Notice:  Undefined variable: year in /usr/share/nginx/html/prova/Questao1.php on line 28
[04-Oct-2020 22:38:38 America/Araguaina] PHP Notice:  Undefined variable: year in /usr/share/nginx/html/prova/Questao1.php on line 28
[04-Oct-2020 22:38:38 America/Araguaina] PHP Notice:  Undefined variable: year in /usr/share/nginx/html/prova/Questao1.php on line 31
[04-Oct-2020 22:38:38 America/Araguaina] PHP Notice:  Undefined variable: year in /usr/share/nginx/html/prova/Questao1.php on line 31
[04-Oct-2020 22:38:38 America/Araguaina] PHP   1. {main}() /usr/share/nginx/html/prova/Questao1.php:0
[04-Oct-2020 22:38:38 America/Araguaina] PHP Stack trace:
[04-Oct-2020 22:38:38 America/Araguaina] PHP Stack trace:
[04-Oct-2020 22:38:38 America/Araguaina] PHP Stack trace:
[04-Oct-2020 22:38:38 America/Araguaina] PHP Stack trace:
[04-Oct-2020 22:38:38 America/Araguaina] PHP   1. {main}() /usr/share/nginx/html/prova/Questao1.php:0
[04-Oct-2020 22:38:38 America/Araguaina] PHP Notice:  Undefined variable: year in /usr/share/nginx/html/prova/Questao1.php on line 28
[04-Oct-2020 22:38:38 America/Araguaina] PHP   1. {main}() /usr/share/nginx/html/prova/Questao1.php:0
[04-Oct-2020 22:38:38 America/Araguaina] PHP   1. {main}() /usr/share/nginx/html/prova/Questao1.php:0
[04-Oct-2020 22:38:38 America/Araguaina] PHP   1. {main}() /usr/share/nginx/html/prova/Questao1.php:0
[04-Oct-2020 22:38:38 America/Araguaina] PHP Notice:  Undefined variable: year in /usr/share/nginx/html/prova/Questao1.php on line 31
[04-Oct-2020 22:38:38 America/Araguaina] PHP Notice:  Undefined variable: year in /usr/share/nginx/html/prova/Questao1.php on line 28
[04-Oct-2020 22:38:38 America/Araguaina] PHP Stack trace:
[04-Oct-2020 22:38:38 America/Araguaina] PHP Notice:  Undefined variable: year in /usr/share/nginx/html/prova/Questao1.php on line 31
[04-Oct-2020 22:38:38 America/Araguaina] PHP   1. {main}() /usr/share/nginx/html/prova/Questao1.php:0
[04-Oct-2020 22:38:38 America/Araguaina] PHP Notice:  Undefined variable: year in /usr/share/nginx/html/prova/Questao1.php on line 28
[04-Oct-2020 22:38:38 America/Araguaina] PHP Stack trace:
[04-Oct-2020 22:38:38 America/Araguaina] PHP Stack trace:
[04-Oct-2020 22:38:38 America/Araguaina] PHP Stack trace:
[04-Oct-2020 22:38:38 America/Araguaina] PHP Notice:  Undefined variable: year in /usr/share/nginx/html/prova/Questao1.php on line 31
[04-Oct-2020 22:38:38 America/Araguaina] PHP Stack trace:
[04-Oct-2020 22:38:38 America/Araguaina] PHP   1. {main}() /usr/share/nginx/html/prova/Questao1.php:0
[04-Oct-2020 22:38:38 America/Araguaina] PHP   1. {main}() /usr/share/nginx/html/prova/Questao1.php:0
[04-Oct-2020 22:38:38 America/Araguaina] PHP   1. {main}() /usr/share/nginx/html/prova/Questao1.php:0
[04-Oct-2020 22:38:38 America/Araguaina] PHP Stack trace:
[04-Oct-2020 22:38:38 America/Araguaina] PHP   1. {main}() /usr/share/nginx/html/prova/Questao1.php:0
[04-Oct-2020 22:38:38 America/Araguaina] PHP Notice:  Undefined variable: year in /usr/share/nginx/html/prova/Questao1.php on line 28
[04-Oct-2020 22:38:38 America/Araguaina] PHP Notice:  Undefined variable: year in /usr/share/nginx/html/prova/Questao1.php on line 31
[04-Oct-2020 22:38:39 America/Araguaina] PHP Notice:  Undefined variable: year in /usr/share/nginx/html/prova/Questao1.php on line 28
[04-Oct-2020 22:38:39 America/Araguaina] PHP Stack trace:
[04-Oct-2020 22:38:39 America/Araguaina] PHP   1. {main}() /usr/share/nginx/html/prova/Questao1.php:0
[04-Oct-2020 22:38:39 America/Araguaina] PHP Notice:  Undefined variable: year in /usr/share/nginx/html/prova/Questao1.php on line 31
[04-Oct-2020 22:38:39 America/Araguaina] PHP Stack trace:
[04-Oct-2020 22:38:39 America/Araguaina] PHP   1. {main}() /usr/share/nginx/html/prova/Questao1.php:0
[04-Oct-2020 22:38:39 America/Araguaina] PHP Stack trace:
[04-Oct-2020 22:38:39 America/Araguaina] PHP Stack trace:
[04-Oct-2020 22:38:39 America/Araguaina] PHP   1. {main}() /usr/share/nginx/html/prova/Questao1.php:0
[04-Oct-2020 22:38:39 America/Araguaina] PHP   1. {main}() /usr/share/nginx/html/prova/Questao1.php:0
[04-Oct-2020 22:38:39 America/Araguaina] PHP Notice:  Undefined variable: year in /usr/share/nginx/html/prova/Questao1.php on line 31
[04-Oct-2020 22:38:39 America/Araguaina] PHP Notice:  Undefined variable: year in /usr/share/nginx/html/prova/Questao1.php on line 31
[04-Oct-2020 22:38:39 America/Araguaina] PHP   1. {main}() /usr/share/nginx/html/prova/Questao1.php:0
[04-Oct-2020 22:38:39 America/Araguaina] PHP Stack trace:
[04-Oct-2020 22:38:39 America/Araguaina] PHP Stack trace:
[04-Oct-2020 22:38:39 America/Araguaina] PHP   1. {main}() /usr/share/nginx/html/prova/Questao1.php:0
[04-Oct-2020 22:38:39 America/Araguaina] PHP   1. {main}() /usr/share/nginx/html/prova/Questao1.php:0
[04-Oct-2020 22:44:07 America/Araguaina] PHP Parse error:  syntax error, unexpected '$century' (T_VARIABLE) in /usr/share/nginx/html/prova/Questao1.php on line 28
[04-Oct-2020 22:52:14 America/Araguaina] PHP Parse error:  syntax error, unexpected '1901' (T_LNUMBER), expecting ')' in /usr/share/nginx/html/prova/Questao1.php on line 35
[04-Oct-2020 22:52:32 America/Araguaina] PHP Parse error:  syntax error, unexpected '$century' (T_VARIABLE), expecting ';' in /usr/share/nginx/html/prova/Questao1.php on line 30
